2026-05-08 22:03:57 [INFO] CSC is loading...   Success！
2026-05-08 22:14:36 [INFO]    _____  _____  _____ 
2026-05-08 22:14:36 [INFO]   / ____|/ ____|/ ____|
2026-05-08 22:14:36 [INFO]  | |    | (___ | |        [CSC] Version: v1.21.22
2026-05-08 22:14:36 [INFO]  | |     \___ \| |        Minecraft Version: 1.21.1 neoforge
2026-05-08 22:14:36 [INFO]  | |____ ____) | |____    Problem/Feedback: Discord: https://discord.gg/rQV5JPauY7
2026-05-08 22:14:36 [INFO]   \_____|_____/ \_____|
2026-05-08 22:14:36 [INFO]                        
2026-05-09 00:33:32 [INFO] CSC close completely, thanks for using!
2026-05-16 03:17:09 [INFO] CSC is loading...   Success！
2026-05-16 16:15:37 [INFO] CSC is loading...   Success！
2026-05-16 16:24:23 [INFO] CSC is loading...   Success！
2026-05-16 17:05:12 [INFO] CSC is loading...   Success！
2026-05-16 22:03:56 [INFO] CSC is loading...   Success！
2026-05-16 22:05:30 [INFO]    _____  _____  _____ 
2026-05-16 22:05:30 [INFO]   / ____|/ ____|/ ____|
2026-05-16 22:05:30 [INFO]  | |    | (___ | |        [CSC] Version: v1.21.22
2026-05-16 22:05:30 [INFO]  | |     \___ \| |        Minecraft Version: 1.21.1 neoforge
2026-05-16 22:05:30 [INFO]  | |____ ____) | |____    Problem/Feedback: Discord: https://discord.gg/rQV5JPauY7
2026-05-16 22:05:30 [INFO]   \_____|_____/ \_____|
2026-05-16 22:05:30 [INFO]                        
2026-05-16 22:07:50 [INFO] CSC close completely, thanks for using!
2026-05-16 22:15:02 [INFO] CSC is loading...   Success！
2026-05-17 02:23:39 [INFO] CSC is loading...   Success！
2026-05-17 02:27:00 [INFO] CSC is loading...   Success！
2026-05-17 02:30:03 [INFO]    _____  _____  _____ 
2026-05-17 02:30:03 [INFO]   / ____|/ ____|/ ____|
2026-05-17 02:30:03 [INFO]  | |    | (___ | |        [CSC] Version: v1.21.22
2026-05-17 02:30:03 [INFO]  | |     \___ \| |        Minecraft Version: 1.21.1 neoforge
2026-05-17 02:30:03 [INFO]  | |____ ____) | |____    Problem/Feedback: Discord: https://discord.gg/rQV5JPauY7
2026-05-17 02:30:03 [INFO]   \_____|_____/ \_____|
2026-05-17 02:30:03 [INFO]                        
2026-05-17 02:41:25 [INFO] CSC close completely, thanks for using!
2026-05-17 02:44:24 [INFO] CSC is loading...   Success！
2026-05-17 02:45:50 [INFO]    _____  _____  _____ 
2026-05-17 02:45:50 [INFO]   / ____|/ ____|/ ____|
2026-05-17 02:45:50 [INFO]  | |    | (___ | |        [CSC] Version: v1.21.22
2026-05-17 02:45:50 [INFO]  | |     \___ \| |        Minecraft Version: 1.21.1 neoforge
2026-05-17 02:45:50 [INFO]  | |____ ____) | |____    Problem/Feedback: Discord: https://discord.gg/rQV5JPauY7
2026-05-17 02:45:50 [INFO]   \_____|_____/ \_____|
2026-05-17 02:45:50 [INFO]                        
2026-05-17 02:46:54 [INFO] CSC close completely, thanks for using!
2026-05-17 03:28:57 [INFO] CSC is loading...   Success！
2026-05-17 14:53:26 [INFO] CSC is loading...   Success！
2026-05-17 14:56:45 [INFO] CSC is loading...   Success！
2026-05-17 15:43:12 [INFO] CSC is loading...   Success！
2026-05-17 15:45:59 [INFO]    _____  _____  _____ 
2026-05-17 15:45:59 [INFO]   / ____|/ ____|/ ____|
2026-05-17 15:45:59 [INFO]  | |    | (___ | |        [CSC] Version: v1.21.22
2026-05-17 15:45:59 [INFO]  | |     \___ \| |        Minecraft Version: 1.21.1 neoforge
2026-05-17 15:45:59 [INFO]  | |____ ____) | |____    Problem/Feedback: Discord: https://discord.gg/rQV5JPauY7
2026-05-17 15:45:59 [INFO]   \_____|_____/ \_____|
2026-05-17 15:45:59 [INFO]                        
2026-05-17 15:51:36 [INFO] CSC close completely, thanks for using!
2026-05-17 16:20:50 [INFO] CSC is loading...   Success！
2026-05-17 16:21:25 [INFO]    _____  _____  _____ 
2026-05-17 16:21:25 [INFO]   / ____|/ ____|/ ____|
2026-05-17 16:21:25 [INFO]  | |    | (___ | |        [CSC] Version: v1.21.22
2026-05-17 16:21:25 [INFO]  | |     \___ \| |        Minecraft Version: 1.21.1 neoforge
2026-05-17 16:21:25 [INFO]  | |____ ____) | |____    Problem/Feedback: Discord: https://discord.gg/rQV5JPauY7
2026-05-17 16:21:25 [INFO]   \_____|_____/ \_____|
2026-05-17 16:21:25 [INFO]                        
2026-05-17 16:21:59 [INFO] CSC close completely, thanks for using!
2026-05-17 16:27:41 [INFO] CSC is loading...   Success！
2026-05-17 16:28:44 [INFO]    _____  _____  _____ 
2026-05-17 16:28:44 [INFO]   / ____|/ ____|/ ____|
2026-05-17 16:28:44 [INFO]  | |    | (___ | |        [CSC] Version: v1.21.22
2026-05-17 16:28:44 [INFO]  | |     \___ \| |        Minecraft Version: 1.21.1 neoforge
2026-05-17 16:28:44 [INFO]  | |____ ____) | |____    Problem/Feedback: Discord: https://discord.gg/rQV5JPauY7
2026-05-17 16:28:44 [INFO]   \_____|_____/ \_____|
2026-05-17 16:28:44 [INFO]                        
2026-05-17 16:29:18 [INFO] CSC close completely, thanks for using!
2026-05-17 16:30:04 [INFO]    _____  _____  _____ 
2026-05-17 16:30:04 [INFO]   / ____|/ ____|/ ____|
2026-05-17 16:30:04 [INFO]  | |    | (___ | |        [CSC] Version: v1.21.22
2026-05-17 16:30:04 [INFO]  | |     \___ \| |        Minecraft Version: 1.21.1 neoforge
2026-05-17 16:30:04 [INFO]  | |____ ____) | |____    Problem/Feedback: Discord: https://discord.gg/rQV5JPauY7
2026-05-17 16:30:04 [INFO]   \_____|_____/ \_____|
2026-05-17 16:30:04 [INFO]                        
2026-05-17 16:30:09 [INFO] CSC close completely, thanks for using!
2026-05-17 16:33:19 [INFO] CSC is loading...   Success！
2026-05-17 16:34:25 [INFO]    _____  _____  _____ 
2026-05-17 16:34:25 [INFO]   / ____|/ ____|/ ____|
2026-05-17 16:34:25 [INFO]  | |    | (___ | |        [CSC] Version: v1.21.22
2026-05-17 16:34:25 [INFO]  | |     \___ \| |        Minecraft Version: 1.21.1 neoforge
2026-05-17 16:34:25 [INFO]  | |____ ____) | |____    Problem/Feedback: Discord: https://discord.gg/rQV5JPauY7
2026-05-17 16:34:25 [INFO]   \_____|_____/ \_____|
2026-05-17 16:34:25 [INFO]                        
2026-05-17 16:35:18 [INFO] CSC close completely, thanks for using!
2026-05-17 16:47:30 [INFO] CSC is loading...   Success！
2026-05-17 16:49:06 [INFO]    _____  _____  _____ 
2026-05-17 16:49:06 [INFO]   / ____|/ ____|/ ____|
2026-05-17 16:49:06 [INFO]  | |    | (___ | |        [CSC] Version: v1.21.22
2026-05-17 16:49:06 [INFO]  | |     \___ \| |        Minecraft Version: 1.21.1 neoforge
2026-05-17 16:49:06 [INFO]  | |____ ____) | |____    Problem/Feedback: Discord: https://discord.gg/rQV5JPauY7
2026-05-17 16:49:06 [INFO]   \_____|_____/ \_____|
2026-05-17 16:49:06 [INFO]                        
2026-05-17 16:49:49 [INFO] CSC close completely, thanks for using!
2026-05-17 16:57:32 [INFO] CSC is loading...   Success！
2026-05-17 17:13:53 [INFO]    _____  _____  _____ 
2026-05-17 17:13:53 [INFO]   / ____|/ ____|/ ____|
2026-05-17 17:13:53 [INFO]  | |    | (___ | |        [CSC] Version: v1.21.22
2026-05-17 17:13:53 [INFO]  | |     \___ \| |        Minecraft Version: 1.21.1 neoforge
2026-05-17 17:13:53 [INFO]  | |____ ____) | |____    Problem/Feedback: Discord: https://discord.gg/rQV5JPauY7
2026-05-17 17:13:53 [INFO]   \_____|_____/ \_____|
2026-05-17 17:13:53 [INFO]                        
2026-05-17 17:14:43 [INFO] CSC close completely, thanks for using!
2026-05-17 17:16:58 [INFO] CSC is loading...   Success！
2026-05-17 17:18:15 [INFO]    _____  _____  _____ 
2026-05-17 17:18:15 [INFO]   / ____|/ ____|/ ____|
2026-05-17 17:18:15 [INFO]  | |    | (___ | |        [CSC] Version: v1.21.22
2026-05-17 17:18:15 [INFO]  | |     \___ \| |        Minecraft Version: 1.21.1 neoforge
2026-05-17 17:18:15 [INFO]  | |____ ____) | |____    Problem/Feedback: Discord: https://discord.gg/rQV5JPauY7
2026-05-17 17:18:15 [INFO]   \_____|_____/ \_____|
2026-05-17 17:18:15 [INFO]                        
2026-05-17 17:18:57 [INFO] CSC close completely, thanks for using!
2026-05-17 17:22:21 [INFO] CSC is loading...   Success！
2026-05-17 17:23:37 [INFO]    _____  _____  _____ 
2026-05-17 17:23:37 [INFO]   / ____|/ ____|/ ____|
2026-05-17 17:23:37 [INFO]  | |    | (___ | |        [CSC] Version: v1.21.22
2026-05-17 17:23:37 [INFO]  | |     \___ \| |        Minecraft Version: 1.21.1 neoforge
2026-05-17 17:23:37 [INFO]  | |____ ____) | |____    Problem/Feedback: Discord: https://discord.gg/rQV5JPauY7
2026-05-17 17:23:37 [INFO]   \_____|_____/ \_____|
2026-05-17 17:23:37 [INFO]                        
2026-05-17 17:24:19 [INFO] CSC close completely, thanks for using!
2026-05-17 17:28:10 [INFO] CSC is loading...   Success！
2026-05-17 17:29:24 [INFO]    _____  _____  _____ 
2026-05-17 17:29:24 [INFO]   / ____|/ ____|/ ____|
2026-05-17 17:29:24 [INFO]  | |    | (___ | |        [CSC] Version: v1.21.22
2026-05-17 17:29:24 [INFO]  | |     \___ \| |        Minecraft Version: 1.21.1 neoforge
2026-05-17 17:29:24 [INFO]  | |____ ____) | |____    Problem/Feedback: Discord: https://discord.gg/rQV5JPauY7
2026-05-17 17:29:24 [INFO]   \_____|_____/ \_____|
2026-05-17 17:29:24 [INFO]                        
2026-05-17 17:30:05 [INFO] CSC close completely, thanks for using!
2026-05-17 17:32:28 [INFO] CSC is loading...   Success！
2026-05-17 17:33:41 [INFO]    _____  _____  _____ 
2026-05-17 17:33:41 [INFO]   / ____|/ ____|/ ____|
2026-05-17 17:33:41 [INFO]  | |    | (___ | |        [CSC] Version: v1.21.22
2026-05-17 17:33:41 [INFO]  | |     \___ \| |        Minecraft Version: 1.21.1 neoforge
2026-05-17 17:33:41 [INFO]  | |____ ____) | |____    Problem/Feedback: Discord: https://discord.gg/rQV5JPauY7
2026-05-17 17:33:41 [INFO]   \_____|_____/ \_____|
2026-05-17 17:33:41 [INFO]                        
2026-05-17 17:34:22 [INFO] CSC close completely, thanks for using!
2026-05-17 17:37:40 [INFO] CSC is loading...   Success！
2026-05-17 17:38:55 [INFO]    _____  _____  _____ 
2026-05-17 17:38:55 [INFO]   / ____|/ ____|/ ____|
2026-05-17 17:38:55 [INFO]  | |    | (___ | |        [CSC] Version: v1.21.22
2026-05-17 17:38:55 [INFO]  | |     \___ \| |        Minecraft Version: 1.21.1 neoforge
2026-05-17 17:38:55 [INFO]  | |____ ____) | |____    Problem/Feedback: Discord: https://discord.gg/rQV5JPauY7
2026-05-17 17:38:55 [INFO]   \_____|_____/ \_____|
2026-05-17 17:38:55 [INFO]                        
2026-05-17 17:39:35 [INFO] CSC close completely, thanks for using!
2026-05-17 17:41:53 [INFO] CSC is loading...   Success！
2026-05-17 17:43:11 [INFO]    _____  _____  _____ 
2026-05-17 17:43:11 [INFO]   / ____|/ ____|/ ____|
2026-05-17 17:43:11 [INFO]  | |    | (___ | |        [CSC] Version: v1.21.22
2026-05-17 17:43:11 [INFO]  | |     \___ \| |        Minecraft Version: 1.21.1 neoforge
2026-05-17 17:43:11 [INFO]  | |____ ____) | |____    Problem/Feedback: Discord: https://discord.gg/rQV5JPauY7
2026-05-17 17:43:11 [INFO]   \_____|_____/ \_____|
2026-05-17 17:43:11 [INFO]                        
2026-05-17 17:43:54 [INFO] CSC close completely, thanks for using!
2026-05-17 17:46:18 [INFO] CSC is loading...   Success！
2026-05-17 17:47:36 [INFO]    _____  _____  _____ 
2026-05-17 17:47:36 [INFO]   / ____|/ ____|/ ____|
2026-05-17 17:47:36 [INFO]  | |    | (___ | |        [CSC] Version: v1.21.22
2026-05-17 17:47:36 [INFO]  | |     \___ \| |        Minecraft Version: 1.21.1 neoforge
2026-05-17 17:47:36 [INFO]  | |____ ____) | |____    Problem/Feedback: Discord: https://discord.gg/rQV5JPauY7
2026-05-17 17:47:36 [INFO]   \_____|_____/ \_____|
2026-05-17 17:47:36 [INFO]                        
2026-05-17 17:48:34 [INFO] CSC close completely, thanks for using!
2026-05-17 17:50:34 [INFO] CSC is loading...   Success！
2026-05-17 18:28:12 [WARN] [CSC] Old config.toml archived to F:\.minecraft\versions\机械动力：启程\config\CSC\config_old_2026_05_17_18_28_12.toml because ConfigVersion changed from 1.21.22 to 1.21.25
2026-05-17 18:28:17 [INFO] CSC is loading...   Success！
2026-05-17 18:35:05 [INFO] CSC is loading...   Success！
2026-05-17 23:04:34 [INFO] CSC is loading...   Success！
2026-05-17 23:05:55 [INFO]    _____  _____  _____ 
2026-05-17 23:05:55 [INFO]   / ____|/ ____|/ ____|
2026-05-17 23:05:55 [INFO]  | |    | (___ | |        [CSC] Version: v1.21.25
2026-05-17 23:05:55 [INFO]  | |     \___ \| |        Minecraft Version: 1.21.1 neoforge
2026-05-17 23:05:55 [INFO]  | |____ ____) | |____    Problem/Feedback: Discord: https://discord.gg/rQV5JPauY7
2026-05-17 23:05:55 [INFO]   \_____|_____/ \_____|
2026-05-17 23:05:55 [INFO]                        
2026-05-17 23:05:55 [INFO] Security notice: Mod id whitelist mode is currently disabled. This feature restricts printing blocks from unknown mods to reduce blueprint vulnerability risk, so CSC forces this startup notice for administrators.
If the administrator already understands this security notice, disable the notice with: /csc notice whitelistid off
Control mod id whitelist mode: /csc mode whitelistid on|off
Open config/CSC/config.toml for more detailed configuration.
2026-05-17 23:06:06 [INFO] CSC close completely, thanks for using!
2026-05-17 23:21:40 [WARN] [CSC] Old config.toml archived to F:\.minecraft\versions\机械动力：启程\config\CSC\config_old_2026_05_17_23_21_40.toml because ConfigVersion changed from 1.21.25 to 1.21.22
2026-05-17 23:21:43 [INFO] CSC is loading...   Success！
2026-05-17 23:32:31 [INFO] CSC is loading...   Success！
2026-05-18 22:46:55 [INFO] CSC is loading...   Success！
2026-05-18 23:18:52 [INFO] CSC is loading...   Success！
2026-05-19 22:34:09 [INFO] CSC is loading...   Success！
2026-05-22 22:52:50 [INFO] CSC is loading...   Success！
2026-05-23 16:53:47 [INFO] CSC is loading...   Success！
2026-05-23 18:37:57 [INFO] CSC is loading...   Success！
2026-05-24 11:41:14 [INFO] CSC is loading...   Success！
2026-05-24 22:30:28 [INFO] CSC is loading...   Success！
2026-05-29 18:08:41 [INFO] CSC is loading...   Success！
2026-05-31 22:54:06 [INFO] CSC is loading...   Success！
2026-05-31 23:05:50 [INFO] CSC is loading...   Success！
